Build started 22/09/2020 8:12:13.
     1>Project "C:\GD101_LIB\master\Example\Script\windows\DX\2_Basic_Primitive_Shape_2010.vcxproj" on node 2 (build target(s)).
     1>C:\Program Files\MSBuild\Microsoft.Cpp\v4.0\Microsoft.CppBuild.targets(298,5): warning MSB8004: Intermediate Directory does not end with a trailing slash.  This build instance will add the slash as it is required to allow proper evaluation of the Intermediate Directory.
     1>C:\Program Files\MSBuild\Microsoft.Cpp\v4.0\Microsoft.CppBuild.targets(299,5): warning MSB8004: Output Directory does not end with a trailing slash.  This build instance will add the slash as it is required to allow proper evaluation of the Output Directory.
     1>InitializeBuildStatus:
         Creating "../../../2_Basic_Primitive_Shape/Build/Windows/DX/Intermediate\2_Basic_Primitive_Shape.unsuccessfulbuild" because "AlwaysCreate" was specified.
       ClCompile:
         C:\Program Files\Microsoft Visual Studio 10.0\VC\bin\CL.exe /c /ZI /nologo /W4 /WX- /Od /Oi /Oy- /D WIN32 /D _DEBUG /D DEBUG /D PROFILE /D _WINDOWS /D D3DXFX_LARGEADDRESS_HANDLE /D _UNICODE /D UNICODE /Gm- /EHsc /RTC1 /MDd /GS /arch:SSE2 /fp:fast /Zc:wchar_t /Zc:forScope /openmp- /Fo"../../../2_Basic_Primitive_Shape/Build/Windows/DX/Intermediate\\" /Fd"../../../2_Basic_Primitive_Shape/Build/Windows/DX/Intermediate\vc100.pdb" /Gd /TP /analyze- /errorReport:prompt ../../../2_Basic_Primitive_Shape/main.cpp  
         main.cpp
     1>c:\gd101_lib\master\example\2_basic_primitive_shape\main.cpp(27): warning C4244: 'argument' : conversion from 'float' to 'int', possible loss of data
     1>c:\gd101_lib\master\example\2_basic_primitive_shape\main.cpp(13): warning C4189: 'y' : local variable is initialized but not referenced
       ManifestResourceCompile:
         All outputs are up-to-date.
       Link:
         C:\Program Files\Microsoft Visual Studio 10.0\VC\bin\link.exe /ERRORREPORT:PROMPT /OUT:"../../../2_Basic_Primitive_Shape/Build/Windows/DX\2_Basic_Primitive_Shape.exe" /INCREMENTAL /NOLOGO /LIBPATH:../../../Library/Windows/DX GD101_LIB.lib d3d11.lib d3dcompiler.lib d3dx11d.lib d3dx9d.lib dxerr.lib dxguid.lib winmm.lib comctl32.lib kernel32.lib user32.lib gdi32.lib winspool.lib comdlg32.lib advapi32.lib shell32.lib ole32.lib oleaut32.lib uuid.lib odbc32.lib odbccp32.lib /MANIFEST /ManifestFile:"../../../2_Basic_Primitive_Shape/Build/Windows/DX/Intermediate\2_Basic_Primitive_Shape.exe.intermediate.manifest" /MANIFESTUAC:"level='asInvoker' uiAccess='false'" /DEBUG /PDB:"C:\GD101_LIB\master\Example\2_Basic_Primitive_Shape\Build\Windows\DX\2_Basic_Primitive_Shape.pdb" /LARGEADDRESSAWARE /TLBID:1 /DYNAMICBASE /NXCOMPAT /IMPLIB:"../../../2_Basic_Primitive_Shape/Build/Windows/DX\2_Basic_Primitive_Shape.lib" /MACHINE:X86 ../../../2_Basic_Primitive_Shape/Build/Windows/DX/Intermediate\2_Basic_Primitive_Shape.exe.embed.manifest.res
         ../../../2_Basic_Primitive_Shape/Build/Windows/DX/Intermediate\main.obj  
       Manifest:
         C:\Program Files\Microsoft SDKs\Windows\v7.0A\bin\mt.exe /nologo /verbose /out:"../../../2_Basic_Primitive_Shape/Build/Windows/DX/Intermediate\2_Basic_Primitive_Shape.exe.embed.manifest" /manifest ../../../2_Basic_Primitive_Shape/Build/Windows/DX/Intermediate\2_Basic_Primitive_Shape.exe.intermediate.manifest "C:\Program Files\Microsoft Visual Studio 10.0\VC\Include\Manifest\dpiaware.manifest"
         All outputs are up-to-date.
       LinkEmbedManifest:
         All outputs are up-to-date.
         2_Basic_Primitive_Shape_2010.vcxproj -> C:\GD101_LIB\master\Example\Script\windows\DX\../../../2_Basic_Primitive_Shape/Build/Windows/DX\2_Basic_Primitive_Shape.exe
       FinalizeBuildStatus:
         Deleting file "../../../2_Basic_Primitive_Shape/Build/Windows/DX/Intermediate\2_Basic_Primitive_Shape.unsuccessfulbuild".
         Touching "../../../2_Basic_Primitive_Shape/Build/Windows/DX/Intermediate\2_Basic_Primitive_Shape.lastbuildstate".
     1>Done Building Project "C:\GD101_LIB\master\Example\Script\windows\DX\2_Basic_Primitive_Shape_2010.vcxproj" (build target(s)).

Build succeeded.

Time Elapsed 00:00:02.26
