../../../2_Basic_Primitive_Shape/Build/Windows/DX\2_Basic_Primitive_Shape.ilk
../../../2_Basic_Primitive_Shape/Build/Windows/DX\2_Basic_Primitive_Shape.pdb
C:\GD101_LIB\MASTER\EXAMPLE\2_BASIC_PRIMITIVE_SHAPE\BUILD\WINDOWS\DX\2_BASIC_PRIMITIVE_SHAPE.EXE
C:\GD101_LIB\MASTER\EXAMPLE\2_BASIC_PRIMITIVE_SHAPE\BUILD\WINDOWS\DX\2_BASIC_PRIMITIVE_SHAPE.ILK
C:\GD101_LIB\MASTER\EXAMPLE\2_BASIC_PRIMITIVE_SHAPE\BUILD\WINDOWS\DX\2_BASIC_PRIMITIVE_SHAPE.PDB
C:\GD101_LIB\MASTER\EXAMPLE\2_BASIC_PRIMITIVE_SHAPE\BUILD\WINDOWS\DX\INTERMEDIATE\2_BASIC_PRIMITIVE_SHAPE.EXE.EMBED.MANIFEST
C:\GD101_LIB\MASTER\EXAMPLE\2_BASIC_PRIMITIVE_SHAPE\BUILD\WINDOWS\DX\INTERMEDIATE\2_BASIC_PRIMITIVE_SHAPE.EXE.EMBED.MANIFEST.RES
C:\GD101_LIB\MASTER\EXAMPLE\2_BASIC_PRIMITIVE_SHAPE\BUILD\WINDOWS\DX\INTERMEDIATE\2_BASIC_PRIMITIVE_SHAPE.EXE.INTERMEDIATE.MANIFEST
C:\GD101_LIB\master\Example\2_Basic_Primitive_Shape\Build\Windows\DX\Intermediate\2_Basic_Primitive_Shape.write.1.tlog
C:\GD101_LIB\master\Example\2_Basic_Primitive_Shape\Build\Windows\DX\Intermediate\2_Basic_Primitive_Shape_manifest.rc
C:\GD101_LIB\master\Example\2_Basic_Primitive_Shape\Build\Windows\DX\Intermediate\cl.command.1.tlog
C:\GD101_LIB\master\Example\2_Basic_Primitive_Shape\Build\Windows\DX\Intermediate\CL.read.1.tlog
C:\GD101_LIB\master\Example\2_Basic_Primitive_Shape\Build\Windows\DX\Intermediate\CL.write.1.tlog
C:\GD101_LIB\master\Example\2_Basic_Primitive_Shape\Build\Windows\DX\Intermediate\link.10336.read.1.tlog
C:\GD101_LIB\master\Example\2_Basic_Primitive_Shape\Build\Windows\DX\Intermediate\link.10336.write.1.tlog
C:\GD101_LIB\master\Example\2_Basic_Primitive_Shape\Build\Windows\DX\Intermediate\link.10336-cvtres.read.1.tlog
C:\GD101_LIB\master\Example\2_Basic_Primitive_Shape\Build\Windows\DX\Intermediate\link.10336-cvtres.write.1.tlog
C:\GD101_LIB\master\Example\2_Basic_Primitive_Shape\Build\Windows\DX\Intermediate\link.command.1.tlog
C:\GD101_LIB\master\Example\2_Basic_Primitive_Shape\Build\Windows\DX\Intermediate\link.read.1.tlog
C:\GD101_LIB\master\Example\2_Basic_Primitive_Shape\Build\Windows\DX\Intermediate\link.write.1.tlog
C:\GD101_LIB\master\Example\2_Basic_Primitive_Shape\Build\Windows\DX\Intermediate\link-cvtres.read.1.tlog
C:\GD101_LIB\master\Example\2_Basic_Primitive_Shape\Build\Windows\DX\Intermediate\link-cvtres.write.1.tlog
C:\GD101_LIB\MASTER\EXAMPLE\2_BASIC_PRIMITIVE_SHAPE\BUILD\WINDOWS\DX\INTERMEDIATE\MAIN.OBJ
C:\GD101_LIB\master\Example\2_Basic_Primitive_Shape\Build\Windows\DX\Intermediate\mt.command.1.tlog
C:\GD101_LIB\master\Example\2_Basic_Primitive_Shape\Build\Windows\DX\Intermediate\mt.read.1.tlog
C:\GD101_LIB\master\Example\2_Basic_Primitive_Shape\Build\Windows\DX\Intermediate\mt.write.1.tlog
C:\GD101_LIB\master\Example\2_Basic_Primitive_Shape\Build\Windows\DX\Intermediate\rc.command.1.tlog
C:\GD101_LIB\master\Example\2_Basic_Primitive_Shape\Build\Windows\DX\Intermediate\rc.read.1.tlog
C:\GD101_LIB\master\Example\2_Basic_Primitive_Shape\Build\Windows\DX\Intermediate\rc.write.1.tlog
C:\GD101_LIB\master\Example\2_Basic_Primitive_Shape\Build\Windows\DX\Intermediate\vc100.idb
C:\GD101_LIB\MASTER\EXAMPLE\2_BASIC_PRIMITIVE_SHAPE\BUILD\WINDOWS\DX\INTERMEDIATE\VC100.PDB
C:\GD101_LIB\master\Example\Script\windows\DX\../../../2_Basic_Primitive_Shape/Build/Windows/DX\2_Basic_Primitive_Shape.exe
