Build started 17/09/2020 17:04:09.
     1>Project "C:\GD101_LIB-DEV\Source\Script\windows\GD101_LIB_VS2010.vcxproj" on node 2 (rebuild target(s)).
     1>C:\Program Files\MSBuild\Microsoft.Cpp\v4.0\Microsoft.CppBuild.targets(298,5): warning MSB8004: Intermediate Directory does not end with a trailing slash.  This build instance will add the slash as it is required to allow proper evaluation of the Intermediate Directory.
     1>C:\Program Files\MSBuild\Microsoft.Cpp\v4.0\Microsoft.CppBuild.targets(299,5): warning MSB8004: Output Directory does not end with a trailing slash.  This build instance will add the slash as it is required to allow proper evaluation of the Output Directory.
     1>InitializeBuildStatus:
         Creating "..\..\BuildLib\Windows\DX\InterMediate\GD101_LIB.unsuccessfulbuild" because "AlwaysCreate" was specified.
       ClCompile:
         C:\Program Files\Microsoft Visual Studio 10.0\VC\bin\CL.exe /c /IDXUT\Core /IDXUT\Optional /ZI /nologo /W4 /WX- /Od /Oi /Oy- /D WIN32 /D _DEBUG /D DEBUG /D PROFILE /D _WINDOWS /D D3DXFX_LARGEADDRESS_HANDLE /D _UNICODE /D UNICODE /Gm- /EHsc /RTC1 /MDd /GS /arch:SSE2 /fp:fast /Zc:wchar_t /Zc:forScope /openmp- /Fo"..\..\BuildLib\Windows\DX\InterMediate\\" /Fd"..\..\BuildLib\Windows\DX\InterMediate\vc100.pdb" /Gd /TP /analyze- /errorReport:prompt ../../GD101_Core.cpp  
         GD101_Core.cpp
     1>c:\gd101_lib-dev\source\gd101_core.cpp(387): warning C4100: 'lpCmdLine' : unreferenced formal parameter
     1>c:\gd101_lib-dev\source\gd101_core.cpp(387): warning C4100: 'hPrevInstance' : unreferenced formal parameter
       ResourceCompile:
         C:\Program Files\Microsoft SDKs\Windows\v7.0A\bin\rc.exe /D _UNICODE /D UNICODE /l"0x0409" /nologo /fo"..\..\BuildLib\Windows\DX\InterMediate\GD101_LIB.res" ..\..\Platform\Windows\GD101_LIB.rc 
       Lib:
         C:\Program Files\Microsoft Visual Studio 10.0\VC\bin\Lib.exe /OUT:"..\..\BuildLib\Windows\DX\GD101_LIB.lib" /NOLOGO ..\..\BuildLib\Windows\DX\InterMediate\GD101_LIB.res
         ..\..\BuildLib\Windows\DX\InterMediate\GD101_Core.obj
     1>LINK : warning LNK4068: /MACHINE not specified; defaulting to X86
         GD101_LIB_VS2010.vcxproj -> C:\GD101_LIB-DEV\Source\Script\windows\..\..\BuildLib\Windows\DX\GD101_LIB.lib
       FinalizeBuildStatus:
         Deleting file "..\..\BuildLib\Windows\DX\InterMediate\GD101_LIB.unsuccessfulbuild".
         Touching "..\..\BuildLib\Windows\DX\InterMediate\GD101_LIB.lastbuildstate".
     1>Done Building Project "C:\GD101_LIB-DEV\Source\Script\windows\GD101_LIB_VS2010.vcxproj" (rebuild target(s)).

Build succeeded.

Time Elapsed 00:00:03.84
