C:\GD101_LIB\master\Source\BuildLib\Windows\DX\InterMediate\cl.command.1.tlog
C:\GD101_LIB\master\Source\BuildLib\Windows\DX\InterMediate\CL.read.1.tlog
C:\GD101_LIB\master\Source\BuildLib\Windows\DX\InterMediate\CL.write.1.tlog
C:\GD101_LIB\MASTER\SOURCE\BUILDLIB\WINDOWS\DX\INTERMEDIATE\GD101_CORE.OBJ
C:\GD101_LIB\MASTER\SOURCE\BUILDLIB\WINDOWS\DX\INTERMEDIATE\GD101_GRAPHICS.OBJ
C:\GD101_LIB\MASTER\SOURCE\BUILDLIB\WINDOWS\DX\INTERMEDIATE\GD101_LIB.RES
C:\GD101_LIB\master\Source\BuildLib\Windows\DX\InterMediate\GD101_LIB.write.1.tlog
C:\GD101_LIB\master\Source\BuildLib\Windows\DX\InterMediate\GD101_LIB_VS2010.vcxprojResolveAssemblyReference.cache
C:\GD101_LIB\master\Source\BuildLib\Windows\DX\InterMediate\lib.command.1.tlog
C:\GD101_LIB\master\Source\BuildLib\Windows\DX\InterMediate\Lib-link.read.1.tlog
C:\GD101_LIB\master\Source\BuildLib\Windows\DX\InterMediate\Lib-link.write.1.tlog
C:\GD101_LIB\master\Source\BuildLib\Windows\DX\InterMediate\Lib-link-cvtres.read.1.tlog
C:\GD101_LIB\master\Source\BuildLib\Windows\DX\InterMediate\Lib-link-cvtres.write.1.tlog
C:\GD101_LIB\master\Source\BuildLib\Windows\DX\InterMediate\rc.command.1.tlog
C:\GD101_LIB\master\Source\BuildLib\Windows\DX\InterMediate\rc.read.1.tlog
C:\GD101_LIB\master\Source\BuildLib\Windows\DX\InterMediate\rc.write.1.tlog
C:\GD101_LIB\master\Source\BuildLib\Windows\DX\InterMediate\vc100.idb
C:\GD101_LIB\MASTER\SOURCE\BUILDLIB\WINDOWS\DX\INTERMEDIATE\VC100.PDB
C:\GD101_LIB-DEV\SOURCE\BUILDLIB\WINDOWS\DX\GD101_LIB.LIB
C:\GD101_LIB-DEV\SOURCE\BUILDLIB\WINDOWS\DX\INTERMEDIATE\GD101_CORE.OBJ
C:\GD101_LIB-DEV\SOURCE\BUILDLIB\WINDOWS\DX\INTERMEDIATE\GD101_LIB.RES
C:\GD101_LIB-DEV\SOURCE\BUILDLIB\WINDOWS\DX\INTERMEDIATE\VC100.PDB
